<?xml version="1.0" encoding="UTF-8"?>
<!DOCTYPE beans PUBLIC "-//SPRING//DTD BEAN//EN" "http://www.springframework.org/dtd/spring-beans.dtd">
<beans default-lazy-init="true" default-autowire="byName">
	<bean id="testService" class="com.xox.test.service.impl.TestServiceImpl"></bean>
</beans>